{
  "stats": {
    "suites": 1,
    "tests": 4,
    "passes": 4,
    "pending": 0,
    "failures": 0,
    "start": "2022-09-07T12:20:49.611Z",
    "end": "2022-09-07T12:21:01.199Z",
    "duration": 11588,
    "testsRegistered": 4,
    "passPercent": 100,
    "pendingPercent": 0,
    "other": 0,
    "hasOther": false,
    "skipped": 0,
    "hasSkipped": false
  },
  "results": [
    {
      "uuid": "dbc428a2-4153-41a5-9d69-668b5aeb3da3",
      "title": "",
      "fullFile": "cypress\\e2e\\filtering.cy.js",
      "file": "cypress\\e2e\\filtering.cy.js",
      "beforeHooks": [],
      "afterHooks": [],
      "tests": [],
      "suites": [
        {
          "uuid": "c8304932-540a-4cd9-ae94-fcf9c82e7a5b",
          "title": "filtering",
          "fullFile": "",
          "file": "",
          "beforeHooks": [],
          "afterHooks": [],
          "tests": [
            {
              "title": "should filter active",
              "fullTitle": "filtering should filter active",
              "timedOut": null,
              "duration": 2620,
              "state": "passed",
              "speed": "fast",
              "pass": true,
              "fail": false,
              "pending": false,
              "context": null,
              "code": "cy.fixture('./example.json').then(data => {\n  cy.get('.new-todo').type(data.todo1);\n  cy.get('.new-todo').type(\"{enter}\");\n  cy.get('.new-todo').type(data.todo2);\n  cy.get('.new-todo').type(\"{enter}\");\n  cy.get('.new-todo').type(data.todo3);\n  cy.get('.new-todo').type(\"{enter}\");\n  cy.get('.todo-list li:nth-child(2) .toggle').click();\n  cy.contains('Active').click();\n  cy.get('.todo-list>li').should('have.length', 2);\n});",
              "err": {},
              "uuid": "38643f1b-4e03-4930-a2b0-fc32951f437d",
              "parentUUID": "c8304932-540a-4cd9-ae94-fcf9c82e7a5b",
              "isHook": false,
              "skipped": false
            },
            {
              "title": "should filter active with custom commands",
              "fullTitle": "filtering should filter active with custom commands",
              "timedOut": null,
              "duration": 1840,
              "state": "passed",
              "speed": "fast",
              "pass": true,
              "fail": false,
              "pending": false,
              "context": null,
              "code": "cy.fixture('./example.json').then(data => {\n  cy.filtering(data.todo1, data.todo2, data.todo3);\n  cy.contains('Active').click();\n  cy.get('.todo-list>li').should('have.length', 2);\n});",
              "err": {},
              "uuid": "e85590c1-3e14-402e-812e-c36e79bcb98a",
              "parentUUID": "c8304932-540a-4cd9-ae94-fcf9c82e7a5b",
              "isHook": false,
              "skipped": false
            },
            {
              "title": "should filter completed",
              "fullTitle": "filtering should filter completed",
              "timedOut": null,
              "duration": 1959,
              "state": "passed",
              "speed": "fast",
              "pass": true,
              "fail": false,
              "pending": false,
              "context": null,
              "code": "cy.fixture('./example.json').then(data => {\n  cy.filtering(data.todo1, data.todo2, data.todo3);\n  cy.contains('Completed').click();\n  cy.get('.todo-list>li').should('have.length', 1);\n});",
              "err": {},
              "uuid": "00c25834-a598-43f6-b26e-8599f908dc69",
              "parentUUID": "c8304932-540a-4cd9-ae94-fcf9c82e7a5b",
              "isHook": false,
              "skipped": false
            },
            {
              "title": "should filter All",
              "fullTitle": "filtering should filter All",
              "timedOut": null,
              "duration": 1880,
              "state": "passed",
              "speed": "fast",
              "pass": true,
              "fail": false,
              "pending": false,
              "context": null,
              "code": "cy.fixture('./example.json').then(data => {\n  cy.filtering(data.todo1, data.todo2, data.todo3);\n  cy.contains('All').click();\n  cy.get('.todo-list>li').should('have.length', 3);\n});",
              "err": {},
              "uuid": "719f7adf-469f-4145-99c3-1e9202fc73bc",
              "parentUUID": "c8304932-540a-4cd9-ae94-fcf9c82e7a5b",
              "isHook": false,
              "skipped": false
            }
          ],
          "suites": [],
          "passes": [
            "38643f1b-4e03-4930-a2b0-fc32951f437d",
            "e85590c1-3e14-402e-812e-c36e79bcb98a",
            "00c25834-a598-43f6-b26e-8599f908dc69",
            "719f7adf-469f-4145-99c3-1e9202fc73bc"
          ],
          "failures": [],
          "pending": [],
          "skipped": [],
          "duration": 8299,
          "root": false,
          "rootEmpty": false,
          "_timeout": 2000
        }
      ],
      "passes": [],
      "failures": [],
      "pending": [],
      "skipped": [],
      "duration": 0,
      "root": true,
      "rootEmpty": true,
      "_timeout": 2000
    }
  ],
  "meta": {
    "mocha": {
      "version": "7.0.1"
    },
    "mochawesome": {
      "options": {
        "quiet": false,
        "reportFilename": "Cypress Demo",
        "saveHtml": true,
        "saveJson": true,
        "consoleReporter": "spec",
        "useInlineDiffs": false,
        "code": true
      },
      "version": "7.1.3"
    },
    "marge": {
      "options": {
        "autoOpen": true,
        "code": true,
        "reportFilename": "Cypress Demo",
        "reportPageTitle": "Cypress Automation"
      },
      "version": "6.2.0"
    }
  }
}