{
  "stats": {
    "suites": 1,
    "tests": 4,
    "passes": 4,
    "pending": 0,
    "failures": 0,
    "start": "2022-09-07T10:43:15.085Z",
    "end": "2022-09-07T10:43:32.955Z",
    "duration": 17870,
    "testsRegistered": 4,
    "passPercent": 100,
    "pendingPercent": 0,
    "other": 0,
    "hasOther": false,
    "skipped": 0,
    "hasSkipped": false
  },
  "results": [
    {
      "uuid": "7dd71bc1-17ec-4ae8-b22b-216bf545988b",
      "title": "",
      "fullFile": "cypress\\e2e\\filtering.cy.js",
      "file": "cypress\\e2e\\filtering.cy.js",
      "beforeHooks": [],
      "afterHooks": [],
      "tests": [],
      "suites": [
        {
          "uuid": "637a1939-0b39-436d-a9a3-539ade803965",
          "title": "filtering",
          "fullFile": "",
          "file": "",
          "beforeHooks": [],
          "afterHooks": [],
          "tests": [
            {
              "title": "should filter active",
              "fullTitle": "filtering should filter active",
              "timedOut": null,
              "duration": 3157,
              "state": "passed",
              "speed": "fast",
              "pass": true,
              "fail": false,
              "pending": false,
              "context": null,
              "code": "cy.fixture('./example.json').then(data => {\n  cy.get('.new-todo').type(data.todo1);\n  cy.get('.new-todo').type(\"{enter}\");\n  cy.get('.new-todo').type(data.todo2);\n  cy.get('.new-todo').type(\"{enter}\");\n  cy.get('.new-todo').type(data.todo3);\n  cy.get('.new-todo').type(\"{enter}\");\n  cy.get('.todo-list li:nth-child(2) .toggle').click();\n  cy.contains('Active').click();\n  cy.get('.todo-list>li').should('have.length', 2);\n});",
              "err": {},
              "uuid": "38964cf1-27ec-4315-9cbc-5c9bc902e0a4",
              "parentUUID": "637a1939-0b39-436d-a9a3-539ade803965",
              "isHook": false,
              "skipped": false
            },
            {
              "title": "should filter active with custom commands",
              "fullTitle": "filtering should filter active with custom commands",
              "timedOut": null,
              "duration": 4174,
              "state": "passed",
              "speed": "fast",
              "pass": true,
              "fail": false,
              "pending": false,
              "context": null,
              "code": "cy.fixture('./example.json').then(data => {\n  cy.filtering(data.todo1, data.todo2, data.todo3);\n  cy.contains('Active').click();\n  cy.get('.todo-list>li').should('have.length', 2);\n});",
              "err": {},
              "uuid": "774af87e-d06d-4ac2-8bee-6dbcec422b8d",
              "parentUUID": "637a1939-0b39-436d-a9a3-539ade803965",
              "isHook": false,
              "skipped": false
            },
            {
              "title": "should filter completed",
              "fullTitle": "filtering should filter completed",
              "timedOut": null,
              "duration": 3652,
              "state": "passed",
              "speed": "fast",
              "pass": true,
              "fail": false,
              "pending": false,
              "context": null,
              "code": "cy.fixture('./example.json').then(data => {\n  cy.filtering(data.todo1, data.todo2, data.todo3);\n  cy.contains('Completed').click();\n  cy.get('.todo-list>li').should('have.length', 1);\n});",
              "err": {},
              "uuid": "e7aa3eb0-0d8f-498f-9f9f-cbdc4565a496",
              "parentUUID": "637a1939-0b39-436d-a9a3-539ade803965",
              "isHook": false,
              "skipped": false
            },
            {
              "title": "should filter All",
              "fullTitle": "filtering should filter All",
              "timedOut": null,
              "duration": 2819,
              "state": "passed",
              "speed": "fast",
              "pass": true,
              "fail": false,
              "pending": false,
              "context": null,
              "code": "cy.fixture('./example.json').then(data => {\n  cy.filtering(data.todo1, data.todo2, data.todo3);\n  cy.contains('All').click();\n  cy.get('.todo-list>li').should('have.length', 3);\n});",
              "err": {},
              "uuid": "034cd6c5-0806-4a9c-a3d6-04e4ebc26689",
              "parentUUID": "637a1939-0b39-436d-a9a3-539ade803965",
              "isHook": false,
              "skipped": false
            }
          ],
          "suites": [],
          "passes": [
            "38964cf1-27ec-4315-9cbc-5c9bc902e0a4",
            "774af87e-d06d-4ac2-8bee-6dbcec422b8d",
            "e7aa3eb0-0d8f-498f-9f9f-cbdc4565a496",
            "034cd6c5-0806-4a9c-a3d6-04e4ebc26689"
          ],
          "failures": [],
          "pending": [],
          "skipped": [],
          "duration": 13802,
          "root": false,
          "rootEmpty": false,
          "_timeout": 2000
        }
      ],
      "passes": [],
      "failures": [],
      "pending": [],
      "skipped": [],
      "duration": 0,
      "root": true,
      "rootEmpty": true,
      "_timeout": 2000
    }
  ],
  "meta": {
    "mocha": {
      "version": "7.0.1"
    },
    "mochawesome": {
      "options": {
        "quiet": false,
        "reportFilename": "mochawesome",
        "saveHtml": true,
        "saveJson": true,
        "consoleReporter": "spec",
        "useInlineDiffs": false,
        "code": true
      },
      "version": "7.1.3"
    },
    "marge": {
      "options": null,
      "version": "6.2.0"
    }
  }
}